🌭  Hot Dog Dashboard Refresh
    Target: /home/runner/work/doreen-wibey/doreen-wibey/hot-dog-label-dashboard.html
✓ Credentials written from GCP_CREDENTIALS env var
  ⚠ Auth check failed: ('File /home/runner/work/doreen-wibey/doreen-wibey/.gcp_credentials.json is not a valid json file.', JSONDecodeError('Expecting value: line 1 column 1 (char 0)'))
Traceback (most recent call last):
  File "/opt/hostedtoolcache/Python/3.11.15/x64/lib/python3.11/site-packages/google/auth/_default.py", line 185, in load_credentials_from_file
    info = json.load(file_obj)
           ^^^^^^^^^^^^^^^^^^^
  File "/opt/hostedtoolcache/Python/3.11.15/x64/lib/python3.11/json/__init__.py", line 293, in load
    return loads(fp.read(),
           ^^^^^^^^^^^^^^^^
  File "/opt/hostedtoolcache/Python/3.11.15/x64/lib/python3.11/json/__init__.py", line 346, in loads
    return _default_decoder.decode(s)
           ^^^^^^^^^^^^^^^^^^^^^^^^^^
  File "/opt/hostedtoolcache/Python/3.11.15/x64/lib/python3.11/json/decoder.py", line 337, in decode
    obj, end = self.raw_decode(s, idx=_w(s, 0).end())
               ^^^^^^^^^^^^^^^^^^^^^^^^^^^^^^^^^^^^^^
  File "/opt/hostedtoolcache/Python/3.11.15/x64/lib/python3.11/json/decoder.py", line 355, in raw_decode
    raise JSONDecodeError("Expecting value", s, err.value) from None
json.decoder.JSONDecodeError: Expecting value: line 1 column 1 (char 0)

The above exception was the direct cause of the following exception:

Traceback (most recent call last):
  File "/home/runner/work/doreen-wibey/doreen-wibey/scripts/refresh_hotdog.py", line 51, in query_bigquery
    creds, project = google_auth_default()
                     ^^^^^^^^^^^^^^^^^^^^^
  File "/opt/hostedtoolcache/Python/3.11.15/x64/lib/python3.11/site-packages/google/auth/_default.py", line 718, in default
    credentials, project_id = checker()
                              ^^^^^^^^^
  File "/opt/hostedtoolcache/Python/3.11.15/x64/lib/python3.11/site-packages/google/auth/_default.py", line 711, in <lambda>
    lambda: _get_explicit_environ_credentials(quota_project_id=quota_project_id),
            ^^^^^^^^^^^^^^^^^^^^^^^^^^^^^^^^^^^^^^^^^^^^^^^^^^^^^^^^^^^^^^^^^^^^
  File "/opt/hostedtoolcache/Python/3.11.15/x64/lib/python3.11/site-packages/google/auth/_default.py", line 353, in _get_explicit_environ_credentials
    credentials, project_id = load_credentials_from_file(
                              ^^^^^^^^^^^^^^^^^^^^^^^^^^^
  File "/opt/hostedtoolcache/Python/3.11.15/x64/lib/python3.11/site-packages/google/auth/_default.py", line 190, in load_credentials_from_file
    raise new_exc from caught_exc
google.auth.exceptions.DefaultCredentialsError: ('File /home/runner/work/doreen-wibey/doreen-wibey/.gcp_credentials.json is not a valid json file.', JSONDecodeError('Expecting value: line 1 column 1 (char 0)'))
  ✗ Client init failed: ('File /home/runner/work/doreen-wibey/doreen-wibey/.gcp_credentials.json is not a valid json file.', JSONDecodeError('Expecting value: line 1 column 1 (char 0)'))
Traceback (most recent call last):
  File "/opt/hostedtoolcache/Python/3.11.15/x64/lib/python3.11/site-packages/google/auth/_default.py", line 185, in load_credentials_from_file
    info = json.load(file_obj)
           ^^^^^^^^^^^^^^^^^^^
  File "/opt/hostedtoolcache/Python/3.11.15/x64/lib/python3.11/json/__init__.py", line 293, in load
    return loads(fp.read(),
           ^^^^^^^^^^^^^^^^
  File "/opt/hostedtoolcache/Python/3.11.15/x64/lib/python3.11/json/__init__.py", line 346, in loads
    return _default_decoder.decode(s)
           ^^^^^^^^^^^^^^^^^^^^^^^^^^
  File "/opt/hostedtoolcache/Python/3.11.15/x64/lib/python3.11/json/decoder.py", line 337, in decode
    obj, end = self.raw_decode(s, idx=_w(s, 0).end())
               ^^^^^^^^^^^^^^^^^^^^^^^^^^^^^^^^^^^^^^
  File "/opt/hostedtoolcache/Python/3.11.15/x64/lib/python3.11/json/decoder.py", line 355, in raw_decode
    raise JSONDecodeError("Expecting value", s, err.value) from None
json.decoder.JSONDecodeError: Expecting value: line 1 column 1 (char 0)

The above exception was the direct cause of the following exception:

Traceback (most recent call last):
  File "/home/runner/work/doreen-wibey/doreen-wibey/scripts/refresh_hotdog.py", line 61, in query_bigquery
    client = bigquery.Client(project=PROJECT)
             ^^^^^^^^^^^^^^^^^^^^^^^^^^^^^^^^
  File "/opt/hostedtoolcache/Python/3.11.15/x64/lib/python3.11/site-packages/google/cloud/bigquery/client.py", line 261, in __init__
    super(Client, self).__init__(
  File "/opt/hostedtoolcache/Python/3.11.15/x64/lib/python3.11/site-packages/google/cloud/client/__init__.py", line 340, in __init__
    Client.__init__(
  File "/opt/hostedtoolcache/Python/3.11.15/x64/lib/python3.11/site-packages/google/cloud/client/__init__.py", line 197, in __init__
    credentials, _ = google.auth.default(scopes=scopes)
                     ^^^^^^^^^^^^^^^^^^^^^^^^^^^^^^^^^^
  File "/opt/hostedtoolcache/Python/3.11.15/x64/lib/python3.11/site-packages/google/auth/_default.py", line 718, in default
    credentials, project_id = checker()
                              ^^^^^^^^^
  File "/opt/hostedtoolcache/Python/3.11.15/x64/lib/python3.11/site-packages/google/auth/_default.py", line 711, in <lambda>
    lambda: _get_explicit_environ_credentials(quota_project_id=quota_project_id),
            ^^^^^^^^^^^^^^^^^^^^^^^^^^^^^^^^^^^^^^^^^^^^^^^^^^^^^^^^^^^^^^^^^^^^
  File "/opt/hostedtoolcache/Python/3.11.15/x64/lib/python3.11/site-packages/google/auth/_default.py", line 353, in _get_explicit_environ_credentials
    credentials, project_id = load_credentials_from_file(
                              ^^^^^^^^^^^^^^^^^^^^^^^^^^^
  File "/opt/hostedtoolcache/Python/3.11.15/x64/lib/python3.11/site-packages/google/auth/_default.py", line 190, in load_credentials_from_file
    raise new_exc from caught_exc
google.auth.exceptions.DefaultCredentialsError: ('File /home/runner/work/doreen-wibey/doreen-wibey/.gcp_credentials.json is not a valid json file.', JSONDecodeError('Expecting value: line 1 column 1 (char 0)'))
Traceback (most recent call last):
  File "/opt/hostedtoolcache/Python/3.11.15/x64/lib/python3.11/site-packages/google/auth/_default.py", line 185, in load_credentials_from_file
    info = json.load(file_obj)
           ^^^^^^^^^^^^^^^^^^^
  File "/opt/hostedtoolcache/Python/3.11.15/x64/lib/python3.11/json/__init__.py", line 293, in load
    return loads(fp.read(),
           ^^^^^^^^^^^^^^^^
  File "/opt/hostedtoolcache/Python/3.11.15/x64/lib/python3.11/json/__init__.py", line 346, in loads
    return _default_decoder.decode(s)
           ^^^^^^^^^^^^^^^^^^^^^^^^^^
  File "/opt/hostedtoolcache/Python/3.11.15/x64/lib/python3.11/json/decoder.py", line 337, in decode
    obj, end = self.raw_decode(s, idx=_w(s, 0).end())
               ^^^^^^^^^^^^^^^^^^^^^^^^^^^^^^^^^^^^^^
  File "/opt/hostedtoolcache/Python/3.11.15/x64/lib/python3.11/json/decoder.py", line 355, in raw_decode
    raise JSONDecodeError("Expecting value", s, err.value) from None
json.decoder.JSONDecodeError: Expecting value: line 1 column 1 (char 0)

The above exception was the direct cause of the following exception:

Traceback (most recent call last):
  File "/home/runner/work/doreen-wibey/doreen-wibey/scripts/refresh_hotdog.py", line 206, in <module>
    main()
  File "/home/runner/work/doreen-wibey/doreen-wibey/scripts/refresh_hotdog.py", line 196, in main
    rows = query_bigquery()
           ^^^^^^^^^^^^^^^^
  File "/home/runner/work/doreen-wibey/doreen-wibey/scripts/refresh_hotdog.py", line 61, in query_bigquery
    client = bigquery.Client(project=PROJECT)
             ^^^^^^^^^^^^^^^^^^^^^^^^^^^^^^^^
  File "/opt/hostedtoolcache/Python/3.11.15/x64/lib/python3.11/site-packages/google/cloud/bigquery/client.py", line 261, in __init__
    super(Client, self).__init__(
  File "/opt/hostedtoolcache/Python/3.11.15/x64/lib/python3.11/site-packages/google/cloud/client/__init__.py", line 340, in __init__
    Client.__init__(
  File "/opt/hostedtoolcache/Python/3.11.15/x64/lib/python3.11/site-packages/google/cloud/client/__init__.py", line 197, in __init__
    credentials, _ = google.auth.default(scopes=scopes)
                     ^^^^^^^^^^^^^^^^^^^^^^^^^^^^^^^^^^
  File "/opt/hostedtoolcache/Python/3.11.15/x64/lib/python3.11/site-packages/google/auth/_default.py", line 718, in default
    credentials, project_id = checker()
                              ^^^^^^^^^
  File "/opt/hostedtoolcache/Python/3.11.15/x64/lib/python3.11/site-packages/google/auth/_default.py", line 711, in <lambda>
    lambda: _get_explicit_environ_credentials(quota_project_id=quota_project_id),
            ^^^^^^^^^^^^^^^^^^^^^^^^^^^^^^^^^^^^^^^^^^^^^^^^^^^^^^^^^^^^^^^^^^^^
  File "/opt/hostedtoolcache/Python/3.11.15/x64/lib/python3.11/site-packages/google/auth/_default.py", line 353, in _get_explicit_environ_credentials
    credentials, project_id = load_credentials_from_file(
                              ^^^^^^^^^^^^^^^^^^^^^^^^^^^
  File "/opt/hostedtoolcache/Python/3.11.15/x64/lib/python3.11/site-packages/google/auth/_default.py", line 190, in load_credentials_from_file
    raise new_exc from caught_exc
google.auth.exceptions.DefaultCredentialsError: ('File /home/runner/work/doreen-wibey/doreen-wibey/.gcp_credentials.json is not a valid json file.', JSONDecodeError('Expecting value: line 1 column 1 (char 0)'))
